<?xml version="1.0" encoding="UTF-8"?>
<!-- Generated by org.testng.reporters.JUnitReportReporter -->
<testsuite hostname="Lenovo-PC" name="collections.TestNG$TestNGTimeTest" tests="1" failures="1" timestamp="13 Jul 2015 04:30:13 GMT" time="0.547" errors="0">
  <testcase name="waitLongTime" time="0.547" classname="collections.TestNG$TestNGTimeTest">
    <failure type="org.testng.internal.thread.ThreadTimeoutException" message="Method org.testng.internal.TestNGMethod.waitLongTime() didn&#039;t finish within the time-out 500">
      <![CDATA[org.testng.internal.thread.ThreadTimeoutException: Method org.testng.internal.TestNGMethod.waitLongTime() didn't finish within the time-out 500
]]>
    </failure>
  </testcase> <!-- waitLongTime -->
</testsuite> <!-- collections.TestNG$TestNGTimeTest -->
