<?xml version="1.0" encoding="UTF-8"?>
<!-- Generated by org.testng.reporters.JUnitReportReporter -->
<testsuite hostname="Lenovo-PC" name="linkedIN.TestCase1" tests="1" failures="0" timestamp="14 Jun 2015 12:03:16 GMT" time="39.056" errors="0">
  <testcase name="f" time="39.056" classname="linkedIN.TestCase1"/>
</testsuite> <!-- linkedIN.TestCase1 -->
