<?xml version="1.0" encoding="UTF-8"?>
<!-- Generated by org.testng.reporters.JUnitReportReporter -->
<testsuite hostname="Lenovo-PC" name="collections.TestNG$TimeoutSuite" tests="2" failures="0" timestamp="13 Jul 2015 04:49:37 GMT" time="1.431" errors="0">
  <testcase name="timeTestTwo" time="0.405" classname="collections.TestNG$TimeoutSuite"/>
  <testcase name="timeTestOne" time="1.026" classname="collections.TestNG$TimeoutSuite"/>
</testsuite> <!-- collections.TestNG$TimeoutSuite -->
