<?xml version="1.0" encoding="UTF-8"?>
<!-- Generated by org.testng.reporters.JUnitReportReporter -->
<testsuite hostname="Lenovo-PC" name="collections.DP" tests="2" failures="0" timestamp="13 Jul 2015 13:29:32 GMT" time="63.638" errors="0">
  <testcase name="f" time="31.554" classname="collections.DP"/>
  <testcase name="f1" time="32.084" classname="collections.DP"/>
</testsuite> <!-- collections.DP -->
