<?xml version="1.0" encoding="UTF-8"?>
<!-- Generated by org.testng.reporters.JUnitReportReporter -->
<testsuite hostname="Lenovo-PC" name="collections.TestNG" tests="4" failures="0" timestamp="24 Jul 2015 07:47:15 GMT" time="0.021" errors="0">
  <testcase name="aaa" time="0.000" classname="collections.TestNG"/>
  <testcase name="dp" time="0.006" classname="collections.TestNG"/>
  <testcase name="aaa" time="0.015" classname="collections.TestNG"/>
  <testcase name="dp" time="0.000" classname="collections.TestNG"/>
</testsuite> <!-- collections.TestNG -->
