<?xml version="1.0" encoding="UTF-8"?>
<!-- Generated by org.testng.reporters.JUnitReportReporter -->
<testsuite hostname="Lenovo-PC" name="linkedIN.Login" tests="1" failures="0" timestamp="14 Jun 2015 10:56:22 GMT" time="74.342" errors="0">
  <testcase name="f" time="74.342" classname="linkedIN.Login"/>
</testsuite> <!-- linkedIN.Login -->
