<?xml version="1.0" encoding="UTF-8"?>
<!-- Generated by org.testng.reporters.JUnitReportReporter -->
<testsuite hostname="Lenovo-PC" name="lKN1.TestJenkins" tests="1" failures="0" timestamp="17 Jul 2015 05:12:09 GMT" time="61.649" errors="0">
  <testcase name="testJenkins" time="61.649" classname="lKN1.TestJenkins"/>
</testsuite> <!-- lKN1.TestJenkins -->
