<?xml version="1.0" encoding="UTF-8"?>
<!-- Generated by org.testng.reporters.JUnitReportReporter -->
<testsuite hostname="Lenovo-PC" name="collections.Collections" tests="1" failures="0" timestamp="24 Jul 2015 09:29:00 GMT" time="0.062" errors="0">
  <testcase name="f4" time="0.062" classname="collections.Collections"/>
</testsuite> <!-- collections.Collections -->
